# JRE version: Java(TM) SE Runtime Environment (8.0_201-b09) (build 1.8.0_201-b09)
# Java VM: Java HotSpot(TM) 64-Bit Server VM (25.201-b09 mixed mode windows-amd64 compressed oops)
Heap:
 PSYoungGen      total 598528K, used 412164K [0x000000076af00000, 0x000000079e680000, 0x00000007c0000000)
  eden space 541184K, 71% used [0x000000076af00000,0x0000000782b7f530,0x000000078bf80000)
  from space 57344K, 39% used [0x000000078bf80000,0x000000078d581dd0,0x000000078f780000)
  to   space 54784K, 0% used [0x000000079b100000,0x000000079b100000,0x000000079e680000)
 ParOldGen       total 227840K, used 110501K [0x00000006c0c00000, 0x00000006cea80000, 0x000000076af00000)
  object space 227840K, 48% used [0x00000006c0c00000,0x00000006c77e96f0,0x00000006cea80000)
 Metaspace       used 68966K, capacity 70890K, committed 71128K, reserved 1110016K
  class space    used 9652K, capacity 9975K, committed 9984K, reserved 1048576K
GC Heap History (10 events):
Event: 209.158 GC heap before
{Heap before GC invocations=14 (full 3):
 PSYoungGen      total 401408K, used 401405K [0x000000076af00000, 0x0000000789000000, 0x00000007c0000000)
  eden space 370176K, 100% used [0x000000076af00000,0x0000000781880000,0x0000000781880000)
  from space 31232K, 99% used [0x0000000783d00000,0x0000000785b7f650,0x0000000785b80000)
  to   space 37376K, 0% used [0x0000000781880000,0x0000000781880000,0x0000000783d00000)
 ParOldGen       total 227840K, used 50338K [0x00000006c0c00000, 0x00000006cea80000, 0x000000076af00000)
  object space 227840K, 22% used [0x00000006c0c00000,0x00000006c3d28808,0x00000006cea80000)
 Metaspace       used 68281K, capacity 70190K, committed 70360K, reserved 1110016K
  class space    used 9579K, capacity 9901K, committed 9984K, reserved 1048576K
Event: 209.170 GC heap after
Heap after GC invocations=14 (full 3):
 PSYoungGen      total 407552K, used 37370K [0x000000076af00000, 0x000000078d080000, 0x00000007c0000000)
  eden space 370176K, 0% used [0x000000076af00000,0x000000076af00000,0x0000000781880000)
  from space 37376K, 99% used [0x0000000781880000,0x0000000783cfeba8,0x0000000783d00000)
  to   space 44544K, 0% used [0x000000078a500000,0x000000078a500000,0x000000078d080000)
 ParOldGen       total 227840K, used 56351K [0x00000006c0c00000, 0x00000006cea80000, 0x000000076af00000)
  object space 227840K, 24% used [0x00000006c0c00000,0x00000006c4307d20,0x00000006cea80000)
 Metaspace       used 68281K, capacity 70190K, committed 70360K, reserved 1110016K
  class space    used 9579K, capacity 9901K, committed 9984K, reserved 1048576K
}
Event: 211.726 GC heap before
{Heap before GC invocations=15 (full 3):
 PSYoungGen      total 407552K, used 407546K [0x000000076af00000, 0x000000078d080000, 0x00000007c0000000)
  eden space 370176K, 100% used [0x000000076af00000,0x0000000781880000,0x0000000781880000)
  from space 37376K, 99% used [0x0000000781880000,0x0000000783cfeba8,0x0000000783d00000)
  to   space 44544K, 0% used [0x000000078a500000,0x000000078a500000,0x000000078d080000)
 ParOldGen       total 227840K, used 56351K [0x00000006c0c00000, 0x00000006cea80000, 0x000000076af00000)
  object space 227840K, 24% used [0x00000006c0c00000,0x00000006c4307d20,0x00000006cea80000)
 Metaspace       used 68324K, capacity 70254K, committed 70616K, reserved 1110016K
  class space    used 9579K, capacity 9901K, committed 9984K, reserved 1048576K
Event: 211.737 GC heap after
Heap after GC invocations=15 (full 3):
 PSYoungGen      total 491520K, used 24947K [0x000000076af00000, 0x000000078c480000, 0x00000007c0000000)
  eden space 459264K, 0% used [0x000000076af00000,0x000000076af00000,0x0000000786f80000)
  from space 32256K, 77% used [0x000000078a500000,0x000000078bd5cf80,0x000000078c480000)
  to   space 43520K, 0% used [0x0000000786f80000,0x0000000786f80000,0x0000000789a00000)
 ParOldGen       total 227840K, used 74052K [0x00000006c0c00000, 0x00000006cea80000, 0x000000076af00000)
  object space 227840K, 32% used [0x00000006c0c00000,0x00000006c54510a8,0x00000006cea80000)
 Metaspace       used 68324K, capacity 70254K, committed 70616K, reserved 1110016K
  class space    used 9579K, capacity 9901K, committed 9984K, reserved 1048576K
}
Event: 254.610 GC heap before
{Heap before GC invocations=16 (full 3):
 PSYoungGen      total 491520K, used 484211K [0x000000076af00000, 0x000000078c480000, 0x00000007c0000000)
  eden space 459264K, 100% used [0x000000076af00000,0x0000000786f80000,0x0000000786f80000)
  from space 32256K, 77% used [0x000000078a500000,0x000000078bd5cf80,0x000000078c480000)
  to   space 43520K, 0% used [0x0000000786f80000,0x0000000786f80000,0x0000000789a00000)
 ParOldGen       total 227840K, used 74052K [0x00000006c0c00000, 0x00000006cea80000, 0x000000076af00000)
  object space 227840K, 32% used [0x00000006c0c00000,0x00000006c54510a8,0x00000006cea80000)
 Metaspace       used 68472K, capacity 70458K, committed 70616K, reserved 1110016K
  class space    used 9582K, capacity 9903K, committed 9984K, reserved 1048576K
Event: 254.622 GC heap after
Heap after GC invocations=16 (full 3):
 PSYoungGen      total 502784K, used 36062K [0x000000076af00000, 0x0000000792500000, 0x00000007c0000000)
  eden space 459264K, 0% used [0x000000076af00000,0x000000076af00000,0x0000000786f80000)
  from space 43520K, 82% used [0x0000000786f80000,0x00000007892b7988,0x0000000789a00000)
  to   space 46592K, 0% used [0x000000078f780000,0x000000078f780000,0x0000000792500000)
 ParOldGen       total 227840K, used 74060K [0x00000006c0c00000, 0x00000006cea80000, 0x000000076af00000)
  object space 227840K, 32% used [0x00000006c0c00000,0x00000006c54530a8,0x00000006cea80000)
 Metaspace       used 68472K, capacity 70458K, committed 70616K, reserved 1110016K
  class space    used 9582K, capacity 9903K, committed 9984K, reserved 1048576K
}
Event: 255.489 GC heap before
{Heap before GC invocations=17 (full 3):
 PSYoungGen      total 502784K, used 495326K [0x000000076af00000, 0x0000000792500000, 0x00000007c0000000)
  eden space 459264K, 100% used [0x000000076af00000,0x0000000786f80000,0x0000000786f80000)
  from space 43520K, 82% used [0x0000000786f80000,0x00000007892b7988,0x0000000789a00000)
  to   space 46592K, 0% used [0x000000078f780000,0x000000078f780000,0x0000000792500000)
 ParOldGen       total 227840K, used 74060K [0x00000006c0c00000, 0x00000006cea80000, 0x000000076af00000)
  object space 227840K, 32% used [0x00000006c0c00000,0x00000006c54530a8,0x00000006cea80000)
 Metaspace       used 68580K, capacity 70502K, committed 70616K, reserved 1110016K
  class space    used 9601K, capacity 9937K, committed 9984K, reserved 1048576K
Event: 255.516 GC heap after
Heap after GC invocations=17 (full 3):
 PSYoungGen      total 587776K, used 46582K [0x000000076af00000, 0x0000000795c80000, 0x00000007c0000000)
  eden space 541184K, 0% used [0x000000076af00000,0x000000076af00000,0x000000078bf80000)
  from space 46592K, 99% used [0x000000078f780000,0x00000007924fd9f0,0x0000000792500000)
  to   space 57344K, 0% used [0x000000078bf80000,0x000000078bf80000,0x000000078f780000)
 ParOldGen       total 227840K, used 85604K [0x00000006c0c00000, 0x00000006cea80000, 0x000000076af00000)
  object space 227840K, 37% used [0x00000006c0c00000,0x00000006c5f99198,0x00000006cea80000)
 Metaspace       used 68580K, capacity 70502K, committed 70616K, reserved 1110016K
  class space    used 9601K, capacity 9937K, committed 9984K, reserved 1048576K
}
Event: 255.781 GC heap before
{Heap before GC invocations=18 (full 3):
 PSYoungGen      total 587776K, used 587766K [0x000000076af00000, 0x0000000795c80000, 0x00000007c0000000)
  eden space 541184K, 100% used [0x000000076af00000,0x000000078bf80000,0x000000078bf80000)
  from space 46592K, 99% used [0x000000078f780000,0x00000007924fd9f0,0x0000000792500000)
  to   space 57344K, 0% used [0x000000078bf80000,0x000000078bf80000,0x000000078f780000)
 ParOldGen       total 227840K, used 85604K [0x00000006c0c00000, 0x00000006cea80000, 0x000000076af00000)
  object space 227840K, 37% used [0x00000006c0c00000,0x00000006c5f99198,0x00000006cea80000)
 Metaspace       used 68580K, capacity 70502K, committed 70616K, reserved 1110016K
  class space    used 9601K, capacity 9937K, committed 9984K, reserved 1048576K
Event: 255.796 GC heap after
Heap after GC invocations=18 (full 3):
 PSYoungGen      total 598528K, used 22535K [0x000000076af00000, 0x000000079e680000, 0x00000007c0000000)
  eden space 541184K, 0% used [0x000000076af00000,0x000000076af00000,0x000000078bf80000)
  from space 57344K, 39% used [0x000000078bf80000,0x000000078d581dd0,0x000000078f780000)
  to   space 54784K, 0% used [0x000000079b100000,0x000000079b100000,0x000000079e680000)
 ParOldGen       total 227840K, used 110501K [0x00000006c0c00000, 0x00000006cea80000, 0x000000076af00000)
  object space 227840K, 48% used [0x00000006c0c00000,0x00000006c77e96f0,0x00000006cea80000)
 Metaspace       used 68580K, capacity 70502K, committed 70616K, reserved 1110016K
  class space    used 9601K, capacity 9937K, committed 9984K, reserved 1048576K
}

